2022-04-14 17:43:01,348 DEBUG [main] InternalLoggerFactory:89 - Using Log4J as the default logging framework
2022-04-14 17:43:01,360 DEBUG [main] ResourceLeakDetector:129 - -Dio.netty.leakDetection.level: simple
2022-04-14 17:43:01,361 DEBUG [main] ResourceLeakDetector:130 - -Dio.netty.leakDetection.targetRecords: 4
2022-04-14 17:43:01,366 DEBUG [main] ResourceLeakDetectorFactory:196 - Loaded default ResourceLeakDetector: io.netty.util.ResourceLeakDetector@7c214cc0
2022-04-14 17:43:01,399 DEBUG [main] PlatformDependent0:460 - -Dio.netty.noUnsafe: false
2022-04-14 17:43:01,400 DEBUG [main] PlatformDependent0:954 - Java version: 8
2022-04-14 17:43:01,402 DEBUG [main] PlatformDependent0:135 - sun.misc.Unsafe.theUnsafe: available
2022-04-14 17:43:01,404 DEBUG [main] PlatformDependent0:159 - sun.misc.Unsafe.copyMemory: available
2022-04-14 17:43:01,406 DEBUG [main] PlatformDependent0:202 - java.nio.Buffer.address: available
2022-04-14 17:43:01,407 DEBUG [main] PlatformDependent0:272 - direct buffer constructor: available
2022-04-14 17:43:01,409 DEBUG [main] PlatformDependent0:350 - java.nio.Bits.unaligned: available, true
2022-04-14 17:43:01,410 DEBUG [main] PlatformDependent0:424 - jdk.internal.misc.Unsafe.allocateUninitializedArray(int): unavailable prior to Java9
2022-04-14 17:43:01,410 DEBUG [main] PlatformDependent0:446 - java.nio.DirectByteBuffer.<init>(long, int): available
2022-04-14 17:43:01,410 DEBUG [main] PlatformDependent:1103 - sun.misc.Unsafe: available
2022-04-14 17:43:01,412 DEBUG [main] PlatformDependent:1224 - -Dio.netty.tmpdir: C:\Users\user\AppData\Local\Temp (java.io.tmpdir)
2022-04-14 17:43:01,413 DEBUG [main] PlatformDependent:1303 - -Dio.netty.bitMode: 64 (sun.arch.data.model)
2022-04-14 17:43:01,416 DEBUG [main] PlatformDependent:1063 - Platform: Windows
2022-04-14 17:43:01,418 DEBUG [main] PlatformDependent:178 - -Dio.netty.maxDirectMemory: 1840250880 bytes
2022-04-14 17:43:01,419 DEBUG [main] PlatformDependent:185 - -Dio.netty.uninitializedArrayAllocationThreshold: -1
2022-04-14 17:43:01,421 DEBUG [main] CleanerJava6:92 - java.nio.ByteBuffer.cleaner(): available
2022-04-14 17:43:01,422 DEBUG [main] PlatformDependent:205 - -Dio.netty.noPreferDirect: false
2022-04-14 17:43:01,440 DEBUG [main] PlatformDependent:967 - org.jctools-core.MpscChunkedArrayQueue: available
2022-04-14 17:43:01,501 DEBUG [main] InternalThreadLocalMap:83 - -Dio.netty.threadLocalMap.stringBuilder.initialSize: 1024
2022-04-14 17:43:01,502 DEBUG [main] InternalThreadLocalMap:86 - -Dio.netty.threadLocalMap.stringBuilder.maxSize: 4096
2022-04-14 17:43:01,526 DEBUG [main] JdkSslContext:97 - Default protocols (JDK): [TLSv1.2] 
2022-04-14 17:43:01,527 DEBUG [main] JdkSslContext:98 - Default cipher suites (JDK): [TLS_ECDHE_ECDSA_WITH_AES_256_GCM_SHA384, TLS_ECDHE_ECDSA_WITH_AES_128_GCM_SHA256, TLS_ECDHE_RSA_WITH_AES_128_GCM_SHA256, TLS_ECDHE_RSA_WITH_AES_256_GCM_SHA384, TLS_ECDHE_RSA_WITH_AES_128_CBC_SHA, TLS_ECDHE_RSA_WITH_AES_256_CBC_SHA, TLS_RSA_WITH_AES_128_GCM_SHA256, TLS_RSA_WITH_AES_128_CBC_SHA, TLS_RSA_WITH_AES_256_CBC_SHA, TLS_AES_128_GCM_SHA256, TLS_AES_256_GCM_SHA384]
2022-04-14 17:43:01,574 DEBUG [main] MultithreadEventLoopGroup:44 - -Dio.netty.eventLoopThreads: 8
2022-04-14 17:43:01,593 DEBUG [main] NioEventLoop:106 - -Dio.netty.noKeySetOptimization: false
2022-04-14 17:43:01,593 DEBUG [main] NioEventLoop:107 - -Dio.netty.selectorAutoRebuildThreshold: 512
2022-04-14 17:43:01,636 DEBUG [main] PooledByteBufAllocator:155 - -Dio.netty.allocator.numHeapArenas: 8
2022-04-14 17:43:01,636 DEBUG [main] PooledByteBufAllocator:156 - -Dio.netty.allocator.numDirectArenas: 8
2022-04-14 17:43:01,637 DEBUG [main] PooledByteBufAllocator:158 - -Dio.netty.allocator.pageSize: 8192
2022-04-14 17:43:01,637 DEBUG [main] PooledByteBufAllocator:163 - -Dio.netty.allocator.maxOrder: 11
2022-04-14 17:43:01,637 DEBUG [main] PooledByteBufAllocator:167 - -Dio.netty.allocator.chunkSize: 16777216
2022-04-14 17:43:01,638 DEBUG [main] PooledByteBufAllocator:168 - -Dio.netty.allocator.smallCacheSize: 256
2022-04-14 17:43:01,638 DEBUG [main] PooledByteBufAllocator:169 - -Dio.netty.allocator.normalCacheSize: 64
2022-04-14 17:43:01,638 DEBUG [main] PooledByteBufAllocator:170 - -Dio.netty.allocator.maxCachedBufferCapacity: 32768
2022-04-14 17:43:01,639 DEBUG [main] PooledByteBufAllocator:171 - -Dio.netty.allocator.cacheTrimInterval: 8192
2022-04-14 17:43:01,639 DEBUG [main] PooledByteBufAllocator:172 - -Dio.netty.allocator.cacheTrimIntervalMillis: 0
2022-04-14 17:43:01,639 DEBUG [main] PooledByteBufAllocator:173 - -Dio.netty.allocator.useCacheForAllThreads: true
2022-04-14 17:43:01,639 DEBUG [main] PooledByteBufAllocator:174 - -Dio.netty.allocator.maxCachedByteBuffersPerChunk: 1023
2022-04-14 17:43:01,656 DEBUG [main] ByteBufUtil:87 - -Dio.netty.allocator.type: pooled
2022-04-14 17:43:01,656 DEBUG [main] ByteBufUtil:96 - -Dio.netty.threadLocalDirectBufferSize: 0
2022-04-14 17:43:01,657 DEBUG [main] ByteBufUtil:99 - -Dio.netty.maxThreadLocalCharBufferSize: 16384
2022-04-14 17:43:03,598 DEBUG [Forwarding newSession on session null to remote] DefaultChannelId:79 - -Dio.netty.processId: 13224 (auto-detected)
2022-04-14 17:43:03,601 DEBUG [Forwarding newSession on session null to remote] NetUtil:135 - -Djava.net.preferIPv4Stack: false
2022-04-14 17:43:03,601 DEBUG [Forwarding newSession on session null to remote] NetUtil:136 - -Djava.net.preferIPv6Addresses: false
2022-04-14 17:43:03,631 DEBUG [Forwarding newSession on session null to remote] NetUtilInitializations:129 - Loopback interface: lo (Software Loopback Interface 1, 127.0.0.1)
2022-04-14 17:43:03,632 DEBUG [Forwarding newSession on session null to remote] NetUtil:187 - Failed to get SOMAXCONN from sysctl and file \proc\sys\net\core\somaxconn. Default: 200
2022-04-14 17:43:03,666 DEBUG [Forwarding newSession on session null to remote] DefaultChannelId:101 - -Dio.netty.machineId: e4:02:9b:ff:fe:3f:c2:17 (auto-detected)
2022-04-14 17:43:03,732 DEBUG [AsyncHttpClient-1-2] AbstractByteBuf:63 - -Dio.netty.buffer.checkAccessible: true
2022-04-14 17:43:03,733 DEBUG [AsyncHttpClient-1-2] AbstractByteBuf:64 - -Dio.netty.buffer.checkBounds: true
2022-04-14 17:43:03,733 DEBUG [AsyncHttpClient-1-2] ResourceLeakDetectorFactory:196 - Loaded default ResourceLeakDetector: io.netty.util.ResourceLeakDetector@65de8ef1
2022-04-14 17:43:03,765 DEBUG [AsyncHttpClient-1-2] Recycler:103 - -Dio.netty.recycler.maxCapacityPerThread: 4096
2022-04-14 17:43:03,765 DEBUG [AsyncHttpClient-1-2] Recycler:104 - -Dio.netty.recycler.maxSharedCapacityFactor: 2
2022-04-14 17:43:03,765 DEBUG [AsyncHttpClient-1-2] Recycler:105 - -Dio.netty.recycler.linkCapacity: 16
2022-04-14 17:43:03,766 DEBUG [AsyncHttpClient-1-2] Recycler:106 - -Dio.netty.recycler.ratio: 8
2022-04-14 17:43:03,766 DEBUG [AsyncHttpClient-1-2] Recycler:107 - -Dio.netty.recycler.delayedQueue.ratio: 8
2022-04-14 17:43:04,771 DEBUG [AsyncHttpClient-1-2] Brotli:38 - brotli4j not in the classpath; Brotli support will be unavailable.
2022-04-14 17:43:05,119 DEBUG [main] ThreadLocalRandom:214 - -Dio.netty.initialSeedUniquifier: 0x19ad346e579bde59
2022-04-14 17:59:11,556 DEBUG [main] InternalLoggerFactory:89 - Using Log4J as the default logging framework
2022-04-14 17:59:11,562 DEBUG [main] ResourceLeakDetector:129 - -Dio.netty.leakDetection.level: simple
2022-04-14 17:59:11,563 DEBUG [main] ResourceLeakDetector:130 - -Dio.netty.leakDetection.targetRecords: 4
2022-04-14 17:59:11,568 DEBUG [main] ResourceLeakDetectorFactory:196 - Loaded default ResourceLeakDetector: io.netty.util.ResourceLeakDetector@17d88132
2022-04-14 17:59:11,589 DEBUG [main] PlatformDependent0:460 - -Dio.netty.noUnsafe: false
2022-04-14 17:59:11,590 DEBUG [main] PlatformDependent0:954 - Java version: 8
2022-04-14 17:59:11,591 DEBUG [main] PlatformDependent0:135 - sun.misc.Unsafe.theUnsafe: available
2022-04-14 17:59:11,592 DEBUG [main] PlatformDependent0:159 - sun.misc.Unsafe.copyMemory: available
2022-04-14 17:59:11,593 DEBUG [main] PlatformDependent0:202 - java.nio.Buffer.address: available
2022-04-14 17:59:11,593 DEBUG [main] PlatformDependent0:272 - direct buffer constructor: available
2022-04-14 17:59:11,594 DEBUG [main] PlatformDependent0:350 - java.nio.Bits.unaligned: available, true
2022-04-14 17:59:11,595 DEBUG [main] PlatformDependent0:424 - jdk.internal.misc.Unsafe.allocateUninitializedArray(int): unavailable prior to Java9
2022-04-14 17:59:11,595 DEBUG [main] PlatformDependent0:446 - java.nio.DirectByteBuffer.<init>(long, int): available
2022-04-14 17:59:11,595 DEBUG [main] PlatformDependent:1103 - sun.misc.Unsafe: available
2022-04-14 17:59:11,596 DEBUG [main] PlatformDependent:1224 - -Dio.netty.tmpdir: C:\Users\user\AppData\Local\Temp (java.io.tmpdir)
2022-04-14 17:59:11,596 DEBUG [main] PlatformDependent:1303 - -Dio.netty.bitMode: 64 (sun.arch.data.model)
2022-04-14 17:59:11,598 DEBUG [main] PlatformDependent:1063 - Platform: Windows
2022-04-14 17:59:11,599 DEBUG [main] PlatformDependent:178 - -Dio.netty.maxDirectMemory: 1840250880 bytes
2022-04-14 17:59:11,599 DEBUG [main] PlatformDependent:185 - -Dio.netty.uninitializedArrayAllocationThreshold: -1
2022-04-14 17:59:11,601 DEBUG [main] CleanerJava6:92 - java.nio.ByteBuffer.cleaner(): available
2022-04-14 17:59:11,601 DEBUG [main] PlatformDependent:205 - -Dio.netty.noPreferDirect: false
2022-04-14 17:59:11,610 DEBUG [main] PlatformDependent:967 - org.jctools-core.MpscChunkedArrayQueue: available
2022-04-14 17:59:11,636 DEBUG [main] InternalThreadLocalMap:83 - -Dio.netty.threadLocalMap.stringBuilder.initialSize: 1024
2022-04-14 17:59:11,636 DEBUG [main] InternalThreadLocalMap:86 - -Dio.netty.threadLocalMap.stringBuilder.maxSize: 4096
2022-04-14 17:59:11,662 DEBUG [main] JdkSslContext:97 - Default protocols (JDK): [TLSv1.2] 
2022-04-14 17:59:11,663 DEBUG [main] JdkSslContext:98 - Default cipher suites (JDK): [TLS_ECDHE_ECDSA_WITH_AES_256_GCM_SHA384, TLS_ECDHE_ECDSA_WITH_AES_128_GCM_SHA256, TLS_ECDHE_RSA_WITH_AES_128_GCM_SHA256, TLS_ECDHE_RSA_WITH_AES_256_GCM_SHA384, TLS_ECDHE_RSA_WITH_AES_128_CBC_SHA, TLS_ECDHE_RSA_WITH_AES_256_CBC_SHA, TLS_RSA_WITH_AES_128_GCM_SHA256, TLS_RSA_WITH_AES_128_CBC_SHA, TLS_RSA_WITH_AES_256_CBC_SHA, TLS_AES_128_GCM_SHA256, TLS_AES_256_GCM_SHA384]
2022-04-14 17:59:11,700 DEBUG [main] MultithreadEventLoopGroup:44 - -Dio.netty.eventLoopThreads: 8
2022-04-14 17:59:11,710 DEBUG [main] NioEventLoop:106 - -Dio.netty.noKeySetOptimization: false
2022-04-14 17:59:11,710 DEBUG [main] NioEventLoop:107 - -Dio.netty.selectorAutoRebuildThreshold: 512
2022-04-14 17:59:11,752 DEBUG [main] PooledByteBufAllocator:155 - -Dio.netty.allocator.numHeapArenas: 8
2022-04-14 17:59:11,752 DEBUG [main] PooledByteBufAllocator:156 - -Dio.netty.allocator.numDirectArenas: 8
2022-04-14 17:59:11,752 DEBUG [main] PooledByteBufAllocator:158 - -Dio.netty.allocator.pageSize: 8192
2022-04-14 17:59:11,753 DEBUG [main] PooledByteBufAllocator:163 - -Dio.netty.allocator.maxOrder: 11
2022-04-14 17:59:11,753 DEBUG [main] PooledByteBufAllocator:167 - -Dio.netty.allocator.chunkSize: 16777216
2022-04-14 17:59:11,753 DEBUG [main] PooledByteBufAllocator:168 - -Dio.netty.allocator.smallCacheSize: 256
2022-04-14 17:59:11,753 DEBUG [main] PooledByteBufAllocator:169 - -Dio.netty.allocator.normalCacheSize: 64
2022-04-14 17:59:11,754 DEBUG [main] PooledByteBufAllocator:170 - -Dio.netty.allocator.maxCachedBufferCapacity: 32768
2022-04-14 17:59:11,754 DEBUG [main] PooledByteBufAllocator:171 - -Dio.netty.allocator.cacheTrimInterval: 8192
2022-04-14 17:59:11,754 DEBUG [main] PooledByteBufAllocator:172 - -Dio.netty.allocator.cacheTrimIntervalMillis: 0
2022-04-14 17:59:11,754 DEBUG [main] PooledByteBufAllocator:173 - -Dio.netty.allocator.useCacheForAllThreads: true
2022-04-14 17:59:11,754 DEBUG [main] PooledByteBufAllocator:174 - -Dio.netty.allocator.maxCachedByteBuffersPerChunk: 1023
2022-04-14 17:59:11,771 DEBUG [main] ByteBufUtil:87 - -Dio.netty.allocator.type: pooled
2022-04-14 17:59:11,771 DEBUG [main] ByteBufUtil:96 - -Dio.netty.threadLocalDirectBufferSize: 0
2022-04-14 17:59:11,772 DEBUG [main] ByteBufUtil:99 - -Dio.netty.maxThreadLocalCharBufferSize: 16384
2022-04-14 17:59:12,665 DEBUG [Forwarding newSession on session null to remote] DefaultChannelId:79 - -Dio.netty.processId: 12380 (auto-detected)
2022-04-14 17:59:12,668 DEBUG [Forwarding newSession on session null to remote] NetUtil:135 - -Djava.net.preferIPv4Stack: false
2022-04-14 17:59:12,669 DEBUG [Forwarding newSession on session null to remote] NetUtil:136 - -Djava.net.preferIPv6Addresses: false
2022-04-14 17:59:12,698 DEBUG [Forwarding newSession on session null to remote] NetUtilInitializations:129 - Loopback interface: lo (Software Loopback Interface 1, 127.0.0.1)
2022-04-14 17:59:12,699 DEBUG [Forwarding newSession on session null to remote] NetUtil:187 - Failed to get SOMAXCONN from sysctl and file \proc\sys\net\core\somaxconn. Default: 200
2022-04-14 17:59:12,729 DEBUG [Forwarding newSession on session null to remote] DefaultChannelId:101 - -Dio.netty.machineId: e4:02:9b:ff:fe:3f:c2:17 (auto-detected)
2022-04-14 17:59:12,785 DEBUG [AsyncHttpClient-1-2] AbstractByteBuf:63 - -Dio.netty.buffer.checkAccessible: true
2022-04-14 17:59:12,785 DEBUG [AsyncHttpClient-1-2] AbstractByteBuf:64 - -Dio.netty.buffer.checkBounds: true
2022-04-14 17:59:12,785 DEBUG [AsyncHttpClient-1-2] ResourceLeakDetectorFactory:196 - Loaded default ResourceLeakDetector: io.netty.util.ResourceLeakDetector@1976efdd
2022-04-14 17:59:12,809 DEBUG [AsyncHttpClient-1-2] Recycler:103 - -Dio.netty.recycler.maxCapacityPerThread: 4096
2022-04-14 17:59:12,810 DEBUG [AsyncHttpClient-1-2] Recycler:104 - -Dio.netty.recycler.maxSharedCapacityFactor: 2
2022-04-14 17:59:12,810 DEBUG [AsyncHttpClient-1-2] Recycler:105 - -Dio.netty.recycler.linkCapacity: 16
2022-04-14 17:59:12,810 DEBUG [AsyncHttpClient-1-2] Recycler:106 - -Dio.netty.recycler.ratio: 8
2022-04-14 17:59:12,810 DEBUG [AsyncHttpClient-1-2] Recycler:107 - -Dio.netty.recycler.delayedQueue.ratio: 8
2022-04-14 17:59:13,560 DEBUG [AsyncHttpClient-1-2] Brotli:38 - brotli4j not in the classpath; Brotli support will be unavailable.
2022-04-14 17:59:13,727 DEBUG [main] ThreadLocalRandom:214 - -Dio.netty.initialSeedUniquifier: 0x266edac689010ee8
2022-04-14 17:59:57,585 DEBUG [AsyncHttpClient-1-4] PoolThreadCache:224 - Freed 3 thread-local buffer(s) from thread: AsyncHttpClient-1-4
2022-04-14 17:59:57,585 DEBUG [AsyncHttpClient-1-6] PoolThreadCache:224 - Freed 2 thread-local buffer(s) from thread: AsyncHttpClient-1-6
2022-04-14 17:59:57,585 DEBUG [AsyncHttpClient-1-3] PoolThreadCache:224 - Freed 2 thread-local buffer(s) from thread: AsyncHttpClient-1-3
2022-04-15 11:45:59,104 DEBUG [main] InternalLoggerFactory:89 - Using Log4J as the default logging framework
2022-04-15 11:45:59,127 DEBUG [main] ResourceLeakDetector:129 - -Dio.netty.leakDetection.level: simple
2022-04-15 11:45:59,128 DEBUG [main] ResourceLeakDetector:130 - -Dio.netty.leakDetection.targetRecords: 4
2022-04-15 11:45:59,150 DEBUG [main] ResourceLeakDetectorFactory:196 - Loaded default ResourceLeakDetector: io.netty.util.ResourceLeakDetector@63798ca7
2022-04-15 11:45:59,215 DEBUG [main] PlatformDependent0:460 - -Dio.netty.noUnsafe: false
2022-04-15 11:45:59,216 DEBUG [main] PlatformDependent0:954 - Java version: 8
2022-04-15 11:45:59,218 DEBUG [main] PlatformDependent0:135 - sun.misc.Unsafe.theUnsafe: available
2022-04-15 11:45:59,219 DEBUG [main] PlatformDependent0:159 - sun.misc.Unsafe.copyMemory: available
2022-04-15 11:45:59,220 DEBUG [main] PlatformDependent0:202 - java.nio.Buffer.address: available
2022-04-15 11:45:59,222 DEBUG [main] PlatformDependent0:272 - direct buffer constructor: available
2022-04-15 11:45:59,223 DEBUG [main] PlatformDependent0:350 - java.nio.Bits.unaligned: available, true
2022-04-15 11:45:59,224 DEBUG [main] PlatformDependent0:424 - jdk.internal.misc.Unsafe.allocateUninitializedArray(int): unavailable prior to Java9
2022-04-15 11:45:59,225 DEBUG [main] PlatformDependent0:446 - java.nio.DirectByteBuffer.<init>(long, int): available
2022-04-15 11:45:59,225 DEBUG [main] PlatformDependent:1103 - sun.misc.Unsafe: available
2022-04-15 11:45:59,241 DEBUG [main] PlatformDependent:1224 - -Dio.netty.tmpdir: C:\Users\user\AppData\Local\Temp (java.io.tmpdir)
2022-04-15 11:45:59,242 DEBUG [main] PlatformDependent:1303 - -Dio.netty.bitMode: 64 (sun.arch.data.model)
2022-04-15 11:45:59,243 DEBUG [main] PlatformDependent:1063 - Platform: Windows
2022-04-15 11:45:59,245 DEBUG [main] PlatformDependent:178 - -Dio.netty.maxDirectMemory: 1840250880 bytes
2022-04-15 11:45:59,246 DEBUG [main] PlatformDependent:185 - -Dio.netty.uninitializedArrayAllocationThreshold: -1
2022-04-15 11:45:59,248 DEBUG [main] CleanerJava6:92 - java.nio.ByteBuffer.cleaner(): available
2022-04-15 11:45:59,248 DEBUG [main] PlatformDependent:205 - -Dio.netty.noPreferDirect: false
2022-04-15 11:45:59,262 DEBUG [main] PlatformDependent:967 - org.jctools-core.MpscChunkedArrayQueue: available
2022-04-15 11:45:59,393 DEBUG [main] InternalThreadLocalMap:83 - -Dio.netty.threadLocalMap.stringBuilder.initialSize: 1024
2022-04-15 11:45:59,393 DEBUG [main] InternalThreadLocalMap:86 - -Dio.netty.threadLocalMap.stringBuilder.maxSize: 4096
2022-04-15 11:45:59,425 DEBUG [main] JdkSslContext:97 - Default protocols (JDK): [TLSv1.2] 
2022-04-15 11:45:59,425 DEBUG [main] JdkSslContext:98 - Default cipher suites (JDK): [TLS_ECDHE_ECDSA_WITH_AES_256_GCM_SHA384, TLS_ECDHE_ECDSA_WITH_AES_128_GCM_SHA256, TLS_ECDHE_RSA_WITH_AES_128_GCM_SHA256, TLS_ECDHE_RSA_WITH_AES_256_GCM_SHA384, TLS_ECDHE_RSA_WITH_AES_128_CBC_SHA, TLS_ECDHE_RSA_WITH_AES_256_CBC_SHA, TLS_RSA_WITH_AES_128_GCM_SHA256, TLS_RSA_WITH_AES_128_CBC_SHA, TLS_RSA_WITH_AES_256_CBC_SHA, TLS_AES_128_GCM_SHA256, TLS_AES_256_GCM_SHA384]
2022-04-15 11:45:59,572 DEBUG [main] MultithreadEventLoopGroup:44 - -Dio.netty.eventLoopThreads: 8
2022-04-15 11:45:59,607 DEBUG [main] NioEventLoop:106 - -Dio.netty.noKeySetOptimization: false
2022-04-15 11:45:59,607 DEBUG [main] NioEventLoop:107 - -Dio.netty.selectorAutoRebuildThreshold: 512
2022-04-15 11:45:59,692 DEBUG [main] PooledByteBufAllocator:155 - -Dio.netty.allocator.numHeapArenas: 8
2022-04-15 11:45:59,692 DEBUG [main] PooledByteBufAllocator:156 - -Dio.netty.allocator.numDirectArenas: 8
2022-04-15 11:45:59,692 DEBUG [main] PooledByteBufAllocator:158 - -Dio.netty.allocator.pageSize: 8192
2022-04-15 11:45:59,693 DEBUG [main] PooledByteBufAllocator:163 - -Dio.netty.allocator.maxOrder: 11
2022-04-15 11:45:59,693 DEBUG [main] PooledByteBufAllocator:167 - -Dio.netty.allocator.chunkSize: 16777216
2022-04-15 11:45:59,693 DEBUG [main] PooledByteBufAllocator:168 - -Dio.netty.allocator.smallCacheSize: 256
2022-04-15 11:45:59,694 DEBUG [main] PooledByteBufAllocator:169 - -Dio.netty.allocator.normalCacheSize: 64
2022-04-15 11:45:59,694 DEBUG [main] PooledByteBufAllocator:170 - -Dio.netty.allocator.maxCachedBufferCapacity: 32768
2022-04-15 11:45:59,694 DEBUG [main] PooledByteBufAllocator:171 - -Dio.netty.allocator.cacheTrimInterval: 8192
2022-04-15 11:45:59,694 DEBUG [main] PooledByteBufAllocator:172 - -Dio.netty.allocator.cacheTrimIntervalMillis: 0
2022-04-15 11:45:59,695 DEBUG [main] PooledByteBufAllocator:173 - -Dio.netty.allocator.useCacheForAllThreads: true
2022-04-15 11:45:59,696 DEBUG [main] PooledByteBufAllocator:174 - -Dio.netty.allocator.maxCachedByteBuffersPerChunk: 1023
2022-04-15 11:45:59,714 DEBUG [main] ByteBufUtil:87 - -Dio.netty.allocator.type: pooled
2022-04-15 11:45:59,714 DEBUG [main] ByteBufUtil:96 - -Dio.netty.threadLocalDirectBufferSize: 0
2022-04-15 11:45:59,714 DEBUG [main] ByteBufUtil:99 - -Dio.netty.maxThreadLocalCharBufferSize: 16384
2022-04-15 11:46:03,298 DEBUG [Forwarding newSession on session null to remote] DefaultChannelId:79 - -Dio.netty.processId: 8740 (auto-detected)
2022-04-15 11:46:03,301 DEBUG [Forwarding newSession on session null to remote] NetUtil:135 - -Djava.net.preferIPv4Stack: false
2022-04-15 11:46:03,302 DEBUG [Forwarding newSession on session null to remote] NetUtil:136 - -Djava.net.preferIPv6Addresses: false
2022-04-15 11:46:03,341 DEBUG [Forwarding newSession on session null to remote] NetUtilInitializations:129 - Loopback interface: lo (Software Loopback Interface 1, 127.0.0.1)
2022-04-15 11:46:03,342 DEBUG [Forwarding newSession on session null to remote] NetUtil:187 - Failed to get SOMAXCONN from sysctl and file \proc\sys\net\core\somaxconn. Default: 200
2022-04-15 11:46:03,382 DEBUG [Forwarding newSession on session null to remote] DefaultChannelId:101 - -Dio.netty.machineId: e4:02:9b:ff:fe:3f:c2:17 (auto-detected)
2022-04-15 11:46:03,585 DEBUG [AsyncHttpClient-1-2] AbstractByteBuf:63 - -Dio.netty.buffer.checkAccessible: true
2022-04-15 11:46:03,585 DEBUG [AsyncHttpClient-1-2] AbstractByteBuf:64 - -Dio.netty.buffer.checkBounds: true
2022-04-15 11:46:03,585 DEBUG [AsyncHttpClient-1-2] ResourceLeakDetectorFactory:196 - Loaded default ResourceLeakDetector: io.netty.util.ResourceLeakDetector@7e256dc6
2022-04-15 11:46:03,681 DEBUG [AsyncHttpClient-1-2] Recycler:103 - -Dio.netty.recycler.maxCapacityPerThread: 4096
2022-04-15 11:46:03,682 DEBUG [AsyncHttpClient-1-2] Recycler:104 - -Dio.netty.recycler.maxSharedCapacityFactor: 2
2022-04-15 11:46:03,682 DEBUG [AsyncHttpClient-1-2] Recycler:105 - -Dio.netty.recycler.linkCapacity: 16
2022-04-15 11:46:03,682 DEBUG [AsyncHttpClient-1-2] Recycler:106 - -Dio.netty.recycler.ratio: 8
2022-04-15 11:46:03,682 DEBUG [AsyncHttpClient-1-2] Recycler:107 - -Dio.netty.recycler.delayedQueue.ratio: 8
2022-04-15 11:46:04,815 DEBUG [AsyncHttpClient-1-2] Brotli:38 - brotli4j not in the classpath; Brotli support will be unavailable.
2022-04-15 11:46:06,630 DEBUG [main] ThreadLocalRandom:214 - -Dio.netty.initialSeedUniquifier: 0x4023e992ab4aad0b
2022-04-15 12:24:52,676 DEBUG [main] InternalLoggerFactory:89 - Using Log4J as the default logging framework
2022-04-15 12:24:52,684 DEBUG [main] ResourceLeakDetector:129 - -Dio.netty.leakDetection.level: simple
2022-04-15 12:24:52,685 DEBUG [main] ResourceLeakDetector:130 - -Dio.netty.leakDetection.targetRecords: 4
2022-04-15 12:24:52,690 DEBUG [main] ResourceLeakDetectorFactory:196 - Loaded default ResourceLeakDetector: io.netty.util.ResourceLeakDetector@5965be2d
2022-04-15 12:24:52,711 DEBUG [main] PlatformDependent0:460 - -Dio.netty.noUnsafe: false
2022-04-15 12:24:52,713 DEBUG [main] PlatformDependent0:954 - Java version: 8
2022-04-15 12:24:52,714 DEBUG [main] PlatformDependent0:135 - sun.misc.Unsafe.theUnsafe: available
2022-04-15 12:24:52,715 DEBUG [main] PlatformDependent0:159 - sun.misc.Unsafe.copyMemory: available
2022-04-15 12:24:52,716 DEBUG [main] PlatformDependent0:202 - java.nio.Buffer.address: available
2022-04-15 12:24:52,717 DEBUG [main] PlatformDependent0:272 - direct buffer constructor: available
2022-04-15 12:24:52,718 DEBUG [main] PlatformDependent0:350 - java.nio.Bits.unaligned: available, true
2022-04-15 12:24:52,718 DEBUG [main] PlatformDependent0:424 - jdk.internal.misc.Unsafe.allocateUninitializedArray(int): unavailable prior to Java9
2022-04-15 12:24:52,719 DEBUG [main] PlatformDependent0:446 - java.nio.DirectByteBuffer.<init>(long, int): available
2022-04-15 12:24:52,719 DEBUG [main] PlatformDependent:1103 - sun.misc.Unsafe: available
2022-04-15 12:24:52,720 DEBUG [main] PlatformDependent:1224 - -Dio.netty.tmpdir: C:\Users\user\AppData\Local\Temp (java.io.tmpdir)
2022-04-15 12:24:52,720 DEBUG [main] PlatformDependent:1303 - -Dio.netty.bitMode: 64 (sun.arch.data.model)
2022-04-15 12:24:52,721 DEBUG [main] PlatformDependent:1063 - Platform: Windows
2022-04-15 12:24:52,722 DEBUG [main] PlatformDependent:178 - -Dio.netty.maxDirectMemory: 1840250880 bytes
2022-04-15 12:24:52,723 DEBUG [main] PlatformDependent:185 - -Dio.netty.uninitializedArrayAllocationThreshold: -1
2022-04-15 12:24:52,724 DEBUG [main] CleanerJava6:92 - java.nio.ByteBuffer.cleaner(): available
2022-04-15 12:24:52,724 DEBUG [main] PlatformDependent:205 - -Dio.netty.noPreferDirect: false
2022-04-15 12:24:52,736 DEBUG [main] PlatformDependent:967 - org.jctools-core.MpscChunkedArrayQueue: available
2022-04-15 12:24:52,763 DEBUG [main] InternalThreadLocalMap:83 - -Dio.netty.threadLocalMap.stringBuilder.initialSize: 1024
2022-04-15 12:24:52,763 DEBUG [main] InternalThreadLocalMap:86 - -Dio.netty.threadLocalMap.stringBuilder.maxSize: 4096
2022-04-15 12:24:52,796 DEBUG [main] JdkSslContext:97 - Default protocols (JDK): [TLSv1.2] 
2022-04-15 12:24:52,796 DEBUG [main] JdkSslContext:98 - Default cipher suites (JDK): [TLS_ECDHE_ECDSA_WITH_AES_256_GCM_SHA384, TLS_ECDHE_ECDSA_WITH_AES_128_GCM_SHA256, TLS_ECDHE_RSA_WITH_AES_128_GCM_SHA256, TLS_ECDHE_RSA_WITH_AES_256_GCM_SHA384, TLS_ECDHE_RSA_WITH_AES_128_CBC_SHA, TLS_ECDHE_RSA_WITH_AES_256_CBC_SHA, TLS_RSA_WITH_AES_128_GCM_SHA256, TLS_RSA_WITH_AES_128_CBC_SHA, TLS_RSA_WITH_AES_256_CBC_SHA, TLS_AES_128_GCM_SHA256, TLS_AES_256_GCM_SHA384]
2022-04-15 12:24:52,826 DEBUG [main] MultithreadEventLoopGroup:44 - -Dio.netty.eventLoopThreads: 8
2022-04-15 12:24:52,835 DEBUG [main] NioEventLoop:106 - -Dio.netty.noKeySetOptimization: false
2022-04-15 12:24:52,836 DEBUG [main] NioEventLoop:107 - -Dio.netty.selectorAutoRebuildThreshold: 512
2022-04-15 12:24:52,872 DEBUG [main] PooledByteBufAllocator:155 - -Dio.netty.allocator.numHeapArenas: 8
2022-04-15 12:24:52,872 DEBUG [main] PooledByteBufAllocator:156 - -Dio.netty.allocator.numDirectArenas: 8
2022-04-15 12:24:52,872 DEBUG [main] PooledByteBufAllocator:158 - -Dio.netty.allocator.pageSize: 8192
2022-04-15 12:24:52,872 DEBUG [main] PooledByteBufAllocator:163 - -Dio.netty.allocator.maxOrder: 11
2022-04-15 12:24:52,873 DEBUG [main] PooledByteBufAllocator:167 - -Dio.netty.allocator.chunkSize: 16777216
2022-04-15 12:24:52,873 DEBUG [main] PooledByteBufAllocator:168 - -Dio.netty.allocator.smallCacheSize: 256
2022-04-15 12:24:52,873 DEBUG [main] PooledByteBufAllocator:169 - -Dio.netty.allocator.normalCacheSize: 64
2022-04-15 12:24:52,873 DEBUG [main] PooledByteBufAllocator:170 - -Dio.netty.allocator.maxCachedBufferCapacity: 32768
2022-04-15 12:24:52,873 DEBUG [main] PooledByteBufAllocator:171 - -Dio.netty.allocator.cacheTrimInterval: 8192
2022-04-15 12:24:52,874 DEBUG [main] PooledByteBufAllocator:172 - -Dio.netty.allocator.cacheTrimIntervalMillis: 0
2022-04-15 12:24:52,874 DEBUG [main] PooledByteBufAllocator:173 - -Dio.netty.allocator.useCacheForAllThreads: true
2022-04-15 12:24:52,874 DEBUG [main] PooledByteBufAllocator:174 - -Dio.netty.allocator.maxCachedByteBuffersPerChunk: 1023
2022-04-15 12:24:52,887 DEBUG [main] ByteBufUtil:87 - -Dio.netty.allocator.type: pooled
2022-04-15 12:24:52,888 DEBUG [main] ByteBufUtil:96 - -Dio.netty.threadLocalDirectBufferSize: 0
2022-04-15 12:24:52,888 DEBUG [main] ByteBufUtil:99 - -Dio.netty.maxThreadLocalCharBufferSize: 16384
2022-04-15 12:24:53,771 DEBUG [Forwarding newSession on session null to remote] DefaultChannelId:79 - -Dio.netty.processId: 12332 (auto-detected)
2022-04-15 12:24:53,773 DEBUG [Forwarding newSession on session null to remote] NetUtil:135 - -Djava.net.preferIPv4Stack: false
2022-04-15 12:24:53,774 DEBUG [Forwarding newSession on session null to remote] NetUtil:136 - -Djava.net.preferIPv6Addresses: false
2022-04-15 12:24:53,802 DEBUG [Forwarding newSession on session null to remote] NetUtilInitializations:129 - Loopback interface: lo (Software Loopback Interface 1, 127.0.0.1)
2022-04-15 12:24:53,803 DEBUG [Forwarding newSession on session null to remote] NetUtil:187 - Failed to get SOMAXCONN from sysctl and file \proc\sys\net\core\somaxconn. Default: 200
2022-04-15 12:24:53,833 DEBUG [Forwarding newSession on session null to remote] DefaultChannelId:101 - -Dio.netty.machineId: e4:02:9b:ff:fe:3f:c2:17 (auto-detected)
2022-04-15 12:24:53,890 DEBUG [AsyncHttpClient-1-2] AbstractByteBuf:63 - -Dio.netty.buffer.checkAccessible: true
2022-04-15 12:24:53,890 DEBUG [AsyncHttpClient-1-2] AbstractByteBuf:64 - -Dio.netty.buffer.checkBounds: true
2022-04-15 12:24:53,890 DEBUG [AsyncHttpClient-1-2] ResourceLeakDetectorFactory:196 - Loaded default ResourceLeakDetector: io.netty.util.ResourceLeakDetector@4cc629b4
2022-04-15 12:24:53,914 DEBUG [AsyncHttpClient-1-2] Recycler:103 - -Dio.netty.recycler.maxCapacityPerThread: 4096
2022-04-15 12:24:53,915 DEBUG [AsyncHttpClient-1-2] Recycler:104 - -Dio.netty.recycler.maxSharedCapacityFactor: 2
2022-04-15 12:24:53,915 DEBUG [AsyncHttpClient-1-2] Recycler:105 - -Dio.netty.recycler.linkCapacity: 16
2022-04-15 12:24:53,915 DEBUG [AsyncHttpClient-1-2] Recycler:106 - -Dio.netty.recycler.ratio: 8
2022-04-15 12:24:53,915 DEBUG [AsyncHttpClient-1-2] Recycler:107 - -Dio.netty.recycler.delayedQueue.ratio: 8
2022-04-15 12:24:55,167 DEBUG [AsyncHttpClient-1-2] Brotli:38 - brotli4j not in the classpath; Brotli support will be unavailable.
2022-04-15 12:24:55,339 DEBUG [main] ThreadLocalRandom:214 - -Dio.netty.initialSeedUniquifier: 0xb2c290c8889b96a7
2022-04-15 12:26:14,364 DEBUG [AsyncHttpClient-1-2] PoolThreadCache:224 - Freed 25 thread-local buffer(s) from thread: AsyncHttpClient-1-2
2022-04-15 12:26:14,365 DEBUG [AsyncHttpClient-1-4] PoolThreadCache:224 - Freed 4 thread-local buffer(s) from thread: AsyncHttpClient-1-4
2022-04-15 12:26:14,364 DEBUG [AsyncHttpClient-1-3] PoolThreadCache:224 - Freed 2 thread-local buffer(s) from thread: AsyncHttpClient-1-3
